<?xml version="1.0" encoding="UTF-8"?>
<!-- Generated by org.testng.reporters.JUnitXMLReporter -->
<testsuite ignored="0" hostname="Hendras-MacBook-Pro.local" failures="0" tests="2" name="Default test" time="13.116" errors="0" timestamp="2024-02-11T23:55:05 WIB">
  <testcase classname="io.cucumber.testng.AbstractTestNGCucumberTests" name="runScenario" time="7.305"/>
  <testcase classname="io.cucumber.testng.AbstractTestNGCucumberTests" name="runScenario" time="5.563"/>
</testsuite> <!-- Default test -->
