<?xml version="1.0" encoding="UTF-8"?>
<!-- Generated by org.testng.reporters.JUnitXMLReporter -->
<testsuite ignored="0" hostname="Hendras-MacBook-Pro.local" failures="0" tests="2" name="Default test" time="12.052" errors="0" timestamp="2024-02-12T15:53:03 WIB">
  <testcase classname="io.cucumber.testng.AbstractTestNGCucumberTests" name="runScenario" time="6.418"/>
  <testcase classname="io.cucumber.testng.AbstractTestNGCucumberTests" name="runScenario" time="5.527"/>
</testsuite> <!-- Default test -->
